La génération a démarré 08/05/2012 01:18:15.
     1>Projet "J:\Projet Infographie\Moteur3D\Engine(Cpp version)\bin\glmath\glm\glm.vcxproj" sur le nœud 2 (build cible(s)).
     1>PrepareForBuild:
         Création du répertoire "J:\Projet Infographie\Moteur3D\Engine(Cpp version)\bin\glmath\glm\Debug\".
       InitializeBuildStatus:
         Création de "glm.dir\Debug\glm.unsuccessfulbuild", car "AlwaysCreate" a été spécifié.
       CustomBuild:
         Building Custom Rule J:/Projet Infographie/Moteur3D/Engine(Cpp version)/dep/glmath/glm/CMakeLists.txt
         CMake does not need to re-run because J:\Projet Infographie\Moteur3D\Engine(Cpp version)\bin\glmath\glm\CMakeFiles\generate.stamp is up-to-date.
       ClCompile:
         C:\Program Files (x86)\Microsoft Visual Studio 10.0\VC\bin\CL.exe /c /I"J:/Projet Infographie/Moteur3D/Engine(Cpp version)/dep/glmath/." /I"J:/Projet Infographie/Moteur3D/Engine(Cpp version)/dep/glmath/./test/external" /I"J:/Projet Infographie/Moteur3D/Engine(Cpp version)/dep/glmath/glm/.." /Zi /nologo /W3 /WX- /Od /Ob0 /Oy- /D WIN32 /D _WINDOWS /D _DEBUG /D _CRT_SECURE_NO_WARNINGS /D "CMAKE_INTDIR=\"Debug\"" /D _MBCS /Gm- /EHsc /RTC1 /MDd /GS /fp:precise /Zc:wchar_t /Zc:forScope /GR /Fo"glm.dir\Debug\\" /Fd"J:/Projet Infographie/Moteur3D/Engine(Cpp version)/bin/glmath/glm/Debug/glm.pdb" /Gd /TP /analyze- /errorReport:prompt "J:\Projet Infographie\Moteur3D\Engine(Cpp version)\dep\glmath\glm\core\dummy.cpp"  /Zm1000 
         dummy.cpp
         GLM: Windows platform detected
         GLM: Visual C++ compiler detected
         GLM: 32 bits model
         GLM: C++ with VC language extensions
         GLM: SSE3 instruction set
         GLM: x,y,z,w; r,g,b,a; s,t,p,q component names for all vector types
         GLM: Swizzling operators enabled
         GLM: Core library included
         GLM: All extensions included (not recommanded)
       ManifestResourceCompile:
         C:\Program Files (x86)\Microsoft SDKs\Windows\v7.0A\bin\rc.exe /nologo /fo"glm.dir\Debug\glm.exe.embed.manifest.res" glm.dir\Debug\glm_manifest.rc 
       Link:
         C:\Program Files (x86)\Microsoft Visual Studio 10.0\VC\bin\link.exe /ERRORREPORT:PROMPT /OUT:"J:\Projet Infographie\Moteur3D\Engine(Cpp version)\bin\glmath\glm\Debug\glm.exe" /INCREMENTAL /NOLOGO kernel32.lib user32.lib gdi32.lib winspool.lib shell32.lib ole32.lib oleaut32.lib uuid.lib comdlg32.lib advapi32.lib /MANIFEST /ManifestFile:"glm.dir\Debug\glm.exe.intermediate.manifest" /MANIFESTUAC:"level='asInvoker' uiAccess='false'" /DEBUG /PDB:"J:\Projet Infographie\Moteur3D\Engine(Cpp version)\bin\glmath\glm\Debug\glm.pdb" /SUBSYSTEM:CONSOLE /STACK:"10000000" /TLBID:1 /DYNAMICBASE /NXCOMPAT /IMPLIB:"J:/Projet Infographie/Moteur3D/Engine(Cpp version)/bin/glmath/glm/Debug/glm.lib" /MACHINE:X86 glm.dir\Debug\glm.exe.embed.manifest.res
         glm.dir\Debug\dummy.obj  /machine:X86 /debug 
       Manifest:
         C:\Program Files (x86)\Microsoft SDKs\Windows\v7.0A\bin\mt.exe /nologo /verbose /out:"glm.dir\Debug\glm.exe.embed.manifest" /manifest glm.dir\Debug\glm.exe.intermediate.manifest
         C:\Program Files (x86)\Microsoft SDKs\Windows\v7.0A\bin\rc.exe /nologo /fo"glm.dir\Debug\glm.exe.embed.manifest.res" glm.dir\Debug\glm_manifest.rc 
       LinkEmbedManifest:
         C:\Program Files (x86)\Microsoft Visual Studio 10.0\VC\bin\link.exe /ERRORREPORT:PROMPT /OUT:"J:\Projet Infographie\Moteur3D\Engine(Cpp version)\bin\glmath\glm\Debug\glm.exe" /INCREMENTAL /NOLOGO kernel32.lib user32.lib gdi32.lib winspool.lib shell32.lib ole32.lib oleaut32.lib uuid.lib comdlg32.lib advapi32.lib /MANIFEST /ManifestFile:"glm.dir\Debug\glm.exe.intermediate.manifest" /MANIFESTUAC:"level='asInvoker' uiAccess='false'" /DEBUG /PDB:"J:\Projet Infographie\Moteur3D\Engine(Cpp version)\bin\glmath\glm\Debug\glm.pdb" /SUBSYSTEM:CONSOLE /STACK:"10000000" /TLBID:1 /DYNAMICBASE /NXCOMPAT /IMPLIB:"J:/Projet Infographie/Moteur3D/Engine(Cpp version)/bin/glmath/glm/Debug/glm.lib" /MACHINE:X86 glm.dir\Debug\glm.exe.embed.manifest.res
         glm.dir\Debug\dummy.obj  /machine:X86 /debug 
         glm.vcxproj -> J:\Projet Infographie\Moteur3D\Engine(Cpp version)\bin\glmath\glm\Debug\glm.exe
       FinalizeBuildStatus:
         Suppression du fichier "glm.dir\Debug\glm.unsuccessfulbuild".
         Mise à jour de l'horodatage "glm.dir\Debug\glm.lastbuildstate".
     1>Génération du projet "J:\Projet Infographie\Moteur3D\Engine(Cpp version)\bin\glmath\glm\glm.vcxproj" terminée (build cible(s)).

La génération a réussi.

Temps écoulé 00:00:03.23
