La génération a démarré 26/03/2012 02:51:10.
     1>Projet "J:\Projet Infographie\Moteur3D\glut_3d - Copie\src\Gui\Gui.vcxproj" sur le nœud 3 (build cible(s)).
     1>InitializeBuildStatus:
         Création de "Debug_withGUI\Gui.unsuccessfulbuild", car "AlwaysCreate" a été spécifié.
       ComputeCustomBuildOutput:
         Création du répertoire "J:\Projet Infographie\Moteur3D\glut_3d - Copie\src\Gui\GeneratedFiles\Debug_withGUI\".
       CustomBuild:
         Moc'ing gui.h...
         Uic'ing gui.ui...
         Rcc'ing gui.qrc...
     1>RCC : warning : No resources in 'J:\Projet Infographie\Moteur3D\glut_3d - Copie\src\Gui\gui.qrc'.
         
       ClCompile:
         C:\Program Files (x86)\Microsoft Visual Studio 10.0\VC\bin\CL.exe /c /I.\GeneratedFiles /IC:\QtSDK\Desktop\Qt\4.8.0\msvc2010\include /I.\GeneratedFiles\Debug_withGUI /IC:\QtSDK\Desktop\Qt\4.8.0\msvc2010\include\QtCore /IC:\QtSDK\Desktop\Qt\4.8.0\msvc2010\include\QtGui /IC:\QtSDK\Desktop\Qt\4.8.0\msvc2010\include\QtMultimedia /IC:\QtSDK\Desktop\Qt\4.8.0\msvc2010\include\QtOpenGL /IC:\QtSDK\Desktop\Qt\4.8.0\msvc2010\include\QtSvg /I.\ /Zi /nologo /W1 /WX- /Od /Oy- /D UNICODE /D WIN32 /D QT_LARGEFILE_SUPPORT /D QT_CORE_LIB /D QT_GUI_LIB /D QT_MULTIMEDIA_LIB /D QT_OPENGL_LIB /D QT_SVG_LIB /Gm- /EHsc /MDd /GS /fp:precise /Zc:wchar_t- /Zc:forScope /Fo"Debug_withGUI\\" /Fd"Debug_withGUI\vc100.pdb" /Gd /TP /analyze- /errorReport:prompt GeneratedFiles\Debug\moc_gui.cpp gui.cpp main.cpp
         moc_gui.cpp
     1>j:\projet infographie\moteur3d\glut_3d - copie\src\gui\generatedfiles\debug\../../gui.h(21): error C2143: erreur de syntaxe : absence de ';' avant 'private'
     1>j:\projet infographie\moteur3d\glut_3d - copie\src\gui\generatedfiles\debug\../../gui.h(21): error C4430: spécificateur de type manquant - int est pris en compte par défaut. Remarque : C++ ne prend pas en charge int par défaut
         gui.cpp
     1>j:\projet infographie\moteur3d\glut_3d - copie\src\gui\gui.h(21): error C2143: erreur de syntaxe : absence de ';' avant 'private'
     1>j:\projet infographie\moteur3d\glut_3d - copie\src\gui\gui.h(21): error C4430: spécificateur de type manquant - int est pris en compte par défaut. Remarque : C++ ne prend pas en charge int par défaut
     1>gui.cpp(5): error C2614: 'Gui' : initialisation de membre non conforme : 'QWidget' n'est ni une base ni un membre
         main.cpp
     1>j:\projet infographie\moteur3d\glut_3d - copie\src\gui\gui.h(21): error C2143: erreur de syntaxe : absence de ';' avant 'private'
     1>j:\projet infographie\moteur3d\glut_3d - copie\src\gui\gui.h(21): error C4430: spécificateur de type manquant - int est pris en compte par défaut. Remarque : C++ ne prend pas en charge int par défaut
         Génération de code en cours...
     1>Génération du projet "J:\Projet Infographie\Moteur3D\glut_3d - Copie\src\Gui\Gui.vcxproj" terminée (build cible(s)) -- ÉCHEC.

ÉCHEC de la build.

Temps écoulé 00:00:18.15
