La génération a démarré 20/03/2012 14:35:26.
     1>Projet "J:\Projet Infographie\Moteur3D\glut_3d - Copie\glut_3d\glut_3d.vcxproj" sur le nœud 2 (build cible(s)).
     1>InitializeBuildStatus:
         Création de "Debug\glut_3d.unsuccessfulbuild", car "AlwaysCreate" a été spécifié.
       ClCompile:
         C:\Program Files (x86)\Microsoft Visual Studio 10.0\VC\bin\CL.exe /c /ZI /nologo /W3 /WX- /Od /Oy- /D _MBCS /Gm /EHsc /RTC1 /MDd /GS /fp:precise /Zc:wchar_t /Zc:forScope /Fo"Debug\\" /Fd"Debug\vc100.pdb" /Gd /TP /analyze- /errorReport:prompt main.cpp
         main.cpp
     1>j:\projet infographie\moteur3d\glut_3d - copie\glut_3d\main.cpp(127): warning C4101: 't' : variable locale non référencée
     1>j:\projet infographie\moteur3d\glut_3d - copie\glut_3d\main.cpp(143): warning C4101: 'i' : variable locale non référencée
     1>j:\projet infographie\moteur3d\glut_3d - copie\glut_3d\main.cpp(251): warning C4101: 'c' : variable locale non référencée
     1>j:\projet infographie\moteur3d\glut_3d - copie\glut_3d\main.cpp(359): warning C4101: 'i' : variable locale non référencée
     1>j:\projet infographie\moteur3d\glut_3d - copie\glut_3d\main.cpp(358): warning C4101: 'txt' : variable locale non référencée
     1>j:\projet infographie\moteur3d\glut_3d - copie\glut_3d\main.cpp(644): warning C4101: '_rand2' : variable locale non référencée
     1>j:\projet infographie\moteur3d\glut_3d - copie\glut_3d\main.cpp(644): warning C4101: '_rand' : variable locale non référencée
     1>j:\projet infographie\moteur3d\glut_3d - copie\glut_3d\main.cpp(676): warning C4101: 'j' : variable locale non référencée
       Link:
         C:\Program Files (x86)\Microsoft Visual Studio 10.0\VC\bin\link.exe /ERRORREPORT:PROMPT /OUT:"J:\Projet Infographie\Moteur3D\glut_3d - Copie\Debug\glut_3d.exe" /NOLOGO kernel32.lib user32.lib gdi32.lib winspool.lib comdlg32.lib advapi32.lib shell32.lib ole32.lib oleaut32.lib uuid.lib odbc32.lib odbccp32.lib kernel32.lib user32.lib gdi32.lib winspool.lib comdlg32.lib advapi32.lib shell32.lib ole32.lib oleaut32.lib uuid.lib odbc32.lib odbccp32.lib glut32.lib opengl32.lib glew32.lib /MANIFEST /ManifestFile:"Debug\glut_3d.exe.intermediate.manifest" /MANIFESTUAC:"level='asInvoker' uiAccess='false'" /DEBUG /PDB:"J:\Projet Infographie\Moteur3D\glut_3d - Copie\Debug\glut_3d.pdb" /TLBID:1 /DYNAMICBASE /NXCOMPAT /IMPLIB:"J:\Projet Infographie\Moteur3D\glut_3d - Copie\Debug\glut_3d.lib" /MACHINE:X86 /PROFILE Debug\3DSLoader.obj
         Debug\Animation.obj
         Debug\BMPloader.obj
         Debug\Camera.obj
         Debug\Vector.obj
         Debug\main.obj
         Debug\Physics.obj
         Debug\MathPlus.obj
         Debug\Matrix.obj
         Debug\Object.obj
         Debug\ObjectAccessor.obj
         Debug\Other.obj
         Debug\Particle.obj
         Debug\PNGloader.obj
         Debug\Robot.obj
         Debug\Scene.obj
         Debug\Shader.obj
         Debug\Texture.obj
     1>3DSLoader.obj : warning LNK4075: ' /EDITANDCONTINUE' ignoré à cause de la spécification '/OPT:REF'
         glut_3d.vcxproj -> J:\Projet Infographie\Moteur3D\glut_3d - Copie\Debug\glut_3d.exe
       Manifest:
         C:\Program Files (x86)\Microsoft SDKs\Windows\v7.0A\bin\mt.exe /nologo /verbose /outputresource:"J:\Projet Infographie\Moteur3D\glut_3d - Copie\Debug\glut_3d.exe;#1" /manifest Debug\glut_3d.exe.intermediate.manifest
       FinalizeBuildStatus:
         Suppression du fichier "Debug\glut_3d.unsuccessfulbuild".
         Mise à jour de l'horodatage "Debug\glut_3d.lastbuildstate".
     1>Génération du projet "J:\Projet Infographie\Moteur3D\glut_3d - Copie\glut_3d\glut_3d.vcxproj" terminée (build cible(s)).

La génération a réussi.

Temps écoulé 00:00:03.45
