La génération a démarré 26/03/2012 02:55:39.
     1>Projet "J:\Projet Infographie\Moteur3D\glut_3d - Copie\src\glut\glut.vcxproj" sur le nœud 2 (build cible(s)).
     1>C:\Program Files (x86)\MSBuild\Microsoft.Cpp\v4.0\Microsoft.CppBuild.targets(299,5): warning MSB8004: Le répertoire Output ne se termine pas par une barre oblique finale.  Cette instance de build ajoutera une barre oblique, comme requis, pour permettre l'évaluation correcte du répertoire Output.
     1>InitializeBuildStatus:
         Création de "Debug_libOnly\glut.unsuccessfulbuild", car "AlwaysCreate" a été spécifié.
       ClCompile:
         C:\Program Files (x86)\Microsoft Visual Studio 10.0\VC\bin\CL.exe /c /ZI /nologo /W3 /WX- /Od /Oy- /D _MBCS /Gm /EHsc /RTC1 /MDd /GS /fp:precise /Zc:wchar_t /Zc:forScope /Fo"Debug_libOnly\\" /Fd"Debug_libOnly\vc100.pdb" /Gd /TP /analyze- /errorReport:prompt ..\main.cpp ..\Robot.cpp
         Robot.cpp
         main.cpp
     1>j:\projet infographie\moteur3d\glut_3d - copie\src\main.cpp(131): warning C4101: 't' : variable locale non référencée
     1>j:\projet infographie\moteur3d\glut_3d - copie\src\main.cpp(147): warning C4101: 'i' : variable locale non référencée
     1>j:\projet infographie\moteur3d\glut_3d - copie\src\main.cpp(255): warning C4101: 'c' : variable locale non référencée
     1>j:\projet infographie\moteur3d\glut_3d - copie\src\main.cpp(363): warning C4101: 'i' : variable locale non référencée
     1>j:\projet infographie\moteur3d\glut_3d - copie\src\main.cpp(362): warning C4101: 'txt' : variable locale non référencée
     1>j:\projet infographie\moteur3d\glut_3d - copie\src\main.cpp(659): warning C4101: '_rand2' : variable locale non référencée
     1>j:\projet infographie\moteur3d\glut_3d - copie\src\main.cpp(659): warning C4101: '_rand' : variable locale non référencée
     1>j:\projet infographie\moteur3d\glut_3d - copie\src\main.cpp(692): warning C4101: 'j' : variable locale non référencée
         Génération de code en cours...
       Link:
         C:\Program Files (x86)\Microsoft Visual Studio 10.0\VC\bin\link.exe /ERRORREPORT:PROMPT /OUT:"..\..\bin\Win32_Debug_libOnly\glut.exe" /NOLOGO kernel32.lib user32.lib gdi32.lib winspool.lib comdlg32.lib advapi32.lib shell32.lib ole32.lib oleaut32.lib uuid.lib odbc32.lib odbccp32.lib 3D_Engine.lib kernel32.lib user32.lib gdi32.lib winspool.lib comdlg32.lib advapi32.lib shell32.lib ole32.lib oleaut32.lib uuid.lib odbc32.lib odbccp32.lib glut32.lib opengl32.lib glew32.lib /MANIFEST /ManifestFile:"Debug_libOnly\glut.exe.intermediate.manifest" /MANIFESTUAC:"level='asInvoker' uiAccess='false'" /DEBUG /PDB:"J:\Projet Infographie\Moteur3D\glut_3d - Copie\bin\Win32_Debug_libOnly\glut.pdb" /TLBID:1 /DYNAMICBASE /NXCOMPAT /IMPLIB:"..\..\bin\Win32_Debug_libOnly\glut.lib" /MACHINE:X86 Debug_libOnly\main.obj
         Debug_libOnly\Robot.obj
         glut.vcxproj -> J:\Projet Infographie\Moteur3D\glut_3d - Copie\src\glut\..\..\bin\Win32_Debug_libOnly\glut.exe
       Manifest:
         C:\Program Files (x86)\Microsoft SDKs\Windows\v7.0A\bin\mt.exe /nologo /verbose /outputresource:"..\..\bin\Win32_Debug_libOnly\glut.exe;#1" /manifest Debug_libOnly\glut.exe.intermediate.manifest
       FinalizeBuildStatus:
         Suppression du fichier "Debug_libOnly\glut.unsuccessfulbuild".
         Mise à jour de l'horodatage "Debug_libOnly\glut.lastbuildstate".
     1>Génération du projet "J:\Projet Infographie\Moteur3D\glut_3d - Copie\src\glut\glut.vcxproj" terminée (build cible(s)).

La génération a réussi.

Temps écoulé 00:00:02.86
