La génération a démarré 26/03/2012 22:36:38.
     1>Projet "J:\Projet Infographie\Moteur3D\Engine(Cpp version)\src\Gui\Gui.vcxproj" sur le nœud 2 (build cible(s)).
     1>C:\Program Files (x86)\MSBuild\Microsoft.Cpp\v4.0\Microsoft.CppBuild.targets(299,5): warning MSB8004: Le répertoire Output ne se termine pas par une barre oblique finale.  Cette instance de build ajoutera une barre oblique, comme requis, pour permettre l'évaluation correcte du répertoire Output.
     1>InitializeBuildStatus:
         Création de "Win32\Gui.unsuccessfulbuild", car "AlwaysCreate" a été spécifié.
       CustomBuild:
         Uic'ing mainwindow.ui...
       ClCompile:
         C:\Program Files (x86)\Microsoft Visual Studio 10.0\VC\bin\CL.exe /c /IC:\QtSDK\Desktop\Qt\4.8.0\msvc2010\include\QtCore /IC:\QtSDK\Desktop\Qt\4.8.0\msvc2010\include\QtGui /IC:\QtSDK\Desktop\Qt\4.8.0\msvc2010\include\QtOpenGL /IC:\QtSDK\Desktop\Qt\4.8.0\msvc2010\include /IC:\QtSDK\Desktop\Qt\4.8.0\msvc2010\include\ActiveQt /I.\debug /IC:\QtSDK\Desktop\Qt\4.8.0\msvc2010\mkspecs\default /I.\GeneratedFiles /IDebug_withGUI /Zi /nologo /W3 /WX- /O2 /Oy- /D _WINDOWS /D UNICODE /D WIN32 /D QT_LARGEFILE_SUPPORT /D QT_DLL /D QT_OPENGL_LIB /D QT_GUI_LIB /D QT_CORE_LIB /D QT_HAVE_MMX /D QT_HAVE_3DNOW /D QT_HAVE_SSE /D QT_HAVE_MMXEXT /D QT_HAVE_SSE2 /D QT_THREAD_SUPPORT /Gm- /EHsc /MDd /GS- /fp:precise /Zc:wchar_t- /Zc:forScope /GR /Fo"Win32\\" /Fd"Win32\vc100.pdb" /Gd /TP /analyze- /errorReport:prompt mainwindow.cpp -Zm200 -w34100 -w34189 
         mainwindow.cpp
     1>j:\projet infographie\moteur3d\engine(cpp version)\src\scene\../Object/Object.h(56): warning C4100: 'time' : paramètre formel non référencé
     1>j:\projet infographie\moteur3d\engine(cpp version)\src\scene\../Object/Object.h(57): warning C4100: 'time' : paramètre formel non référencé
     1>mainwindow.cpp(49): warning C4018: '<' : incompatibilité signed/unsigned
       Link:
         C:\Program Files (x86)\Microsoft Visual Studio 10.0\VC\bin\link.exe /ERRORREPORT:PROMPT /OUT:"..\..\bin\Win32_Debug_withGUI\\test_gl2.exe" /NOLOGO /LIBPATH:C:\QtSDK\Desktop\Qt\4.8.0\msvc2010\lib /LIBPATH:C:\QtSDK\Desktop\Qt\4.8.0\msvc2010\lib glu32.lib opengl32.lib gdi32.lib user32.lib C:\QtSDK\Desktop\Qt\4.8.0\msvc2010\lib\qtmaind.lib C:\QtSDK\Desktop\Qt\4.8.0\msvc2010\lib\QtOpenGLd4.lib C:\QtSDK\Desktop\Qt\4.8.0\msvc2010\lib\QtGuid4.lib C:\QtSDK\Desktop\Qt\4.8.0\msvc2010\lib\QtCored4.lib kernel32.lib user32.lib gdi32.lib winspool.lib comdlg32.lib advapi32.lib shell32.lib ole32.lib oleaut32.lib uuid.lib odbc32.lib odbccp32.lib 3D_Engine.lib glut32.lib opengl32.lib glew32.lib /MANIFEST /ManifestFile:"Win32\test_gl2.exe.intermediate.manifest" /MANIFESTUAC:"level='asInvoker' uiAccess='false'" /DEBUG /PDB:"J:\Projet Infographie\Moteur3D\Engine(Cpp version)\bin\Win32_Debug_withGUI\test_gl2.pdb" /SUBSYSTEM:WINDOWS /TLBID:1 /DYNAMICBASE /NXCOMPAT /MACHINE:X86 Win32\moc_glwidget.obj
         Win32\moc_mainwindow.obj
         Win32\glwidget.obj
         Win32\main.obj
         Win32\mainwindow.obj "/MANIFESTDEPENDENCY:type='win32' name='Microsoft.Windows.Common-Controls' version='6.0.0.0' publicKeyToken='6595b64144ccf1df' language='*' processorArchitecture='*'" 
         LINK : ..\..\bin\Win32_Debug_withGUI\\test_gl2.exe introuvable ou non généré par la dernière édition de liens incrémentielle ; édition de liens complète en cours
     1>qtmaind.lib(qtmain_win.obj) : warning LNK4099: PDB 'vc100.pdb' n'a pu être trouvé avec 'qtmaind.lib(qtmain_win.obj)' ou sur 'J:\Projet Infographie\Moteur3D\Engine(Cpp version)\bin\Win32_Debug_withGUI\vc100.pdb' ; l'objet sera lié sans informations de débogage
         Gui.vcxproj -> J:\Projet Infographie\Moteur3D\Engine(Cpp version)\src\Gui\..\..\bin\Win32_Debug_withGUI\test_gl2.exe
       Manifest:
         C:\Program Files (x86)\Microsoft SDKs\Windows\v7.0A\bin\mt.exe /nologo /verbose /outputresource:"..\..\bin\Win32_Debug_withGUI\\test_gl2.exe;#1" /manifest Win32\test_gl2.exe.intermediate.manifest
       FinalizeBuildStatus:
         Suppression du fichier "Win32\Gui.unsuccessfulbuild".
         Mise à jour de l'horodatage "Win32\Gui.lastbuildstate".
     1>Génération du projet "J:\Projet Infographie\Moteur3D\Engine(Cpp version)\src\Gui\Gui.vcxproj" terminée (build cible(s)).

La génération a réussi.

Temps écoulé 00:00:03.38
